<?xml version="1.0" encoding="UTF-8"?>
<!-- Generated by org.testng.reporters.JUnitReportReporter -->
<testsuite hostname="Vinothraj" failures="0" tests="4" name="com.API.gitHub" time="6.814" errors="0" timestamp="2022-05-31T14:53:46 IST" skipped="0">
  <testcase classname="com.API.gitHub" name="post" time="4.737"/>
  <system-out/>
  <testcase classname="com.API.gitHub" name="put" time="0.979"/>
  <system-out/>
  <testcase classname="com.API.gitHub" name="get" time="0.452"/>
  <system-out/>
  <testcase classname="com.API.gitHub" name="delete" time="0.646"/>
  <system-out/>
</testsuite> <!-- com.API.gitHub -->
