<?xml version="1.0" encoding="UTF-8"?>
<!-- Generated by org.testng.reporters.JUnitReportReporter -->
<testsuite hostname="Vinothraj" failures="0" tests="1" name="com.API.JsonParsing" time="2.919" errors="0" timestamp="2022-05-31T14:53:31 IST" skipped="0">
  <testcase classname="com.API.JsonParsing" name="jsonExecution" time="2.919"/>
  <system-out/>
</testsuite> <!-- com.API.JsonParsing -->
