<?xml version="1.0" encoding="UTF-8"?>
<!-- Generated by org.testng.reporters.JUnitReportReporter -->
<testsuite hostname="Vinothraj" failures="0" tests="3" name="com.TestNG.group" time="0.033" errors="0" timestamp="2022-07-15T11:17:57 IST" skipped="0">
  <testcase classname="com.TestNG.group" name="login" time="0.021"/>
  <system-out/>
  <testcase classname="com.TestNG.group" name="payment" time="0.009"/>
  <system-out/>
  <testcase classname="com.TestNG.group" name="purchase" time="0.003"/>
  <system-out/>
</testsuite> <!-- com.TestNG.group -->
