<?xml version="1.0" encoding="UTF-8"?>
<!-- Generated by org.testng.reporters.JUnitReportReporter -->
<testsuite hostname="Vinothraj" failures="0" tests="1" name="com.TestNG.ParameterizedTestt" time="0.028" errors="0" timestamp="2022-07-21T18:14:51 IST" skipped="0">
  <testcase classname="com.TestNG.ParameterizedTestt" name="add" time="0.028"/>
  <system-out/>
</testsuite> <!-- com.TestNG.ParameterizedTestt -->
