<?xml version="1.0" encoding="UTF-8"?>
<!-- Generated by org.testng.reporters.JUnitReportReporter -->
<testsuite hostname="Vinothraj" failures="0" tests="2" name="com.TestNG.Timeout_Concepts" time="0.067" errors="0" timestamp="2022-07-18T11:31:33 IST" skipped="0">
  <testcase classname="com.TestNG.Timeout_Concepts" name="logIn" time="0.035"/>
  <system-out/>
  <testcase classname="com.TestNG.Timeout_Concepts" name="logOut" time="0.032"/>
  <system-out/>
</testsuite> <!-- com.TestNG.Timeout_Concepts -->
