<?xml version="1.0" encoding="UTF-8"?>
<!-- Generated by org.testng.reporters.JUnitReportReporter -->
<testsuite hostname="Vinothraj" failures="0" tests="15" name="com.TestNG.GropusDemo" time="3.071" errors="0" timestamp="2022-07-21T18:03:50 IST" skipped="0">
  <testcase classname="com.TestNG.GropusDemo" name="shoe" time="0.003"/>
  <system-out/>
  <testcase classname="com.TestNG.GropusDemo" name="homeAppl" time="0.004"/>
  <system-out/>
  <testcase classname="com.TestNG.GropusDemo" name="shoe" time="0.001"/>
  <system-out/>
  <testcase classname="com.TestNG.GropusDemo" name="shoe" time="0.003"/>
  <system-out/>
  <testcase classname="com.TestNG.GropusDemo" name="laptop" time="3.014"/>
  <system-out/>
  <testcase classname="com.TestNG.GropusDemo" name="shoe" time="0.002"/>
  <system-out/>
  <testcase classname="com.TestNG.GropusDemo" name="shoe" time="0.002"/>
  <system-out/>
  <testcase classname="com.TestNG.GropusDemo" name="shoe" time="0.001"/>
  <system-out/>
  <testcase classname="com.TestNG.GropusDemo" name="smartwatch" time="0.007"/>
  <system-out/>
  <testcase classname="com.TestNG.GropusDemo" name="shoe" time="0.002"/>
  <system-out/>
  <testcase classname="com.TestNG.GropusDemo" name="shoe" time="0.002"/>
  <system-out/>
  <testcase classname="com.TestNG.GropusDemo" name="mobile" time="0.003"/>
  <system-out/>
  <testcase classname="com.TestNG.GropusDemo" name="bag" time="0.021"/>
  <system-out/>
  <testcase classname="com.TestNG.GropusDemo" name="shoe" time="0.005"/>
  <system-out/>
  <testcase classname="com.TestNG.GropusDemo" name="shoe" time="0.001"/>
  <system-out/>
</testsuite> <!-- com.TestNG.GropusDemo -->
