<?xml version="1.0" encoding="UTF-8"?>
<!-- Generated by org.testng.reporters.JUnitReportReporter -->
<testsuite hostname="Vinothraj" failures="0" tests="3" name="com.TestNG.ParameterizedTest" time="0.043" errors="0" timestamp="2022-07-19T10:48:56 IST" skipped="0">
  <testcase classname="com.TestNG.ParameterizedTest" name="sub" time="0.035"/>
  <system-out/>
  <testcase classname="com.TestNG.ParameterizedTest" name="sub" time="0.004"/>
  <system-out/>
  <testcase classname="com.TestNG.ParameterizedTest" name="sub" time="0.004"/>
  <system-out/>
</testsuite> <!-- com.TestNG.ParameterizedTest -->
