<?xml version="1.0" encoding="UTF-8"?>
<!-- Generated by org.testng.reporters.JUnitReportReporter -->
<testsuite hostname="Vinothraj" failures="0" tests="3" name="com.TestNG.DataProviderrr" time="0.030" errors="0" timestamp="2022-07-21T18:18:55 IST" skipped="0">
  <testcase classname="com.TestNG.DataProviderrr" name="sub" time="0.024"/>
  <system-out/>
  <testcase classname="com.TestNG.DataProviderrr" name="sub" time="0.003"/>
  <system-out/>
  <testcase classname="com.TestNG.DataProviderrr" name="sub" time="0.003"/>
  <system-out/>
</testsuite> <!-- com.TestNG.DataProviderrr -->
