<?xml version="1.0" encoding="UTF-8"?>
<!-- Generated by org.testng.reporters.JUnitReportReporter -->
<testsuite hostname="Vinothraj" failures="0" tests="2" name="com.TestNG.ParallelTest" time="0.048" errors="0" timestamp="2022-07-21T18:09:48 IST" skipped="0">
  <testcase classname="com.TestNG.ParallelTest" name="logOut" time="0.024"/>
  <system-out/>
  <testcase classname="com.TestNG.ParallelTest" name="logIn" time="0.024"/>
  <system-out/>
</testsuite> <!-- com.TestNG.ParallelTest -->
