<?xml version="1.0" encoding="UTF-8"?>
<!-- Generated by org.testng.reporters.JUnitReportReporter -->
<testsuite hostname="Vinothraj" failures="0" tests="3" name="com.TestNG.DependencyConcepts" time="0.027" errors="0" timestamp="2022-07-14T15:33:37 IST" skipped="0">
  <testcase classname="com.TestNG.DependencyConcepts" name="homePage" time="0.003"/>
  <system-out/>
  <testcase classname="com.TestNG.DependencyConcepts" name="openBrowser" time="0.003"/>
  <system-out/>
  <testcase classname="com.TestNG.DependencyConcepts" name="signIn" time="0.021"/>
  <system-out/>
</testsuite> <!-- com.TestNG.DependencyConcepts -->
