<?xml version="1.0" encoding="UTF-8"?>
<!-- Generated by org.testng.reporters.JUnitReportReporter -->
<testsuite hostname="Vinothraj" failures="0" tests="3" name="com.TestNG.invocationCountt" time="0.031" errors="0" timestamp="2022-07-16T12:58:38 IST" skipped="0">
  <testcase classname="com.TestNG.invocationCountt" name="login" time="0.021"/>
  <system-out/>
  <testcase classname="com.TestNG.invocationCountt" name="purchase" time="0.005"/>
  <system-out/>
  <testcase classname="com.TestNG.invocationCountt" name="payment" time="0.005"/>
  <system-out/>
</testsuite> <!-- com.TestNG.invocationCountt -->
