<?xml version="1.0" encoding="UTF-8"?>
<!-- Generated by org.testng.reporters.JUnitReportReporter -->
<testsuite hostname="Vinothraj" failures="0" tests="2" name="com.TestNG.CrossBrowser" time="25.224" errors="0" timestamp="2022-07-21T18:12:36 IST" skipped="0">
  <testcase classname="com.TestNG.CrossBrowser" name="setUpTwo" time="11.079"/>
  <system-out/>
  <testcase classname="com.TestNG.CrossBrowser" name="setUpOne" time="14.145"/>
  <system-out/>
</testsuite> <!-- com.TestNG.CrossBrowser -->
