<?xml version="1.0" encoding="UTF-8"?>
<!-- Generated by org.testng.reporters.JUnitReportReporter -->
<testsuite hostname="Vinothraj" failures="0" tests="2" name="com.TestNG.Exceptionn" time="0.028" errors="0" timestamp="2022-07-21T18:07:41 IST" skipped="0">
  <testcase classname="com.TestNG.Exceptionn" name="login" time="0.005"/>
  <system-out/>
  <testcase classname="com.TestNG.Exceptionn" name="display" time="0.023"/>
  <system-out/>
</testsuite> <!-- com.TestNG.Exceptionn -->
