<?xml version="1.0" encoding="UTF-8"?>
<!-- Generated by org.testng.reporters.JUnitReportReporter -->
<testsuite hostname="Vinothraj" failures="0" tests="2" name="com.testng.SimpleAnno" time="0.047" errors="0" timestamp="2022-07-21T16:02:11 IST" skipped="0">
  <testcase classname="com.testng.SimpleAnno" name="footWear" time="0.031"/>
  <system-out/>
  <testcase classname="com.testng.SimpleAnno" name="mobile" time="0.016"/>
  <system-out/>
</testsuite> <!-- com.testng.SimpleAnno -->
